<?xml version="1.0" encoding="UTF-8"?>
<!-- Generated by org.testng.reporters.JUnitXMLReporter -->
<testsuite ignored="2" hostname="Daizys-MacBook-Pro.local" failures="0" tests="1" name="Default test" time="4.309" errors="0" timestamp="2025-05-24T16:12:28 PDT">
  <testcase classname="test.Alerts" name="test3" time="4.271"/>
  <testcase classname="test.Alerts" name="test" time="0.0">
    <ignored/>
  </testcase> <!-- test -->
  <testcase classname="test.Alerts" name="test2" time="0.0">
    <ignored/>
  </testcase> <!-- test2 -->
</testsuite> <!-- Default test -->
