<?xml version="1.0" encoding="UTF-8"?>
<testng-results ignored="0" total="1" passed="1" failed="0" skipped="0">
  <reporter-output>
  </reporter-output>
  <suite started-at="2025-05-24T16:12:23 PDT" name="Default suite" finished-at="2025-05-24T16:12:28 PDT" duration-ms="4309">
    <groups>
    </groups>
    <test started-at="2025-05-24T16:12:23 PDT" name="Default test" finished-at="2025-05-24T16:12:28 PDT" duration-ms="4309">
      <class name="test.Alerts">
        <test-method signature="test3()[pri:0, instance:test.Alerts@14dd9eb7]" started-at="2025-05-24T16:12:23 PDT" name="test3" finished-at="2025-05-24T16:12:28 PDT" duration-ms="4271" status="PASS">
          <reporter-output>
          </reporter-output>
        </test-method> <!-- test3 -->
      </class> <!-- test.Alerts -->
    </test> <!-- Default test -->
  </suite> <!-- Default suite -->
</testng-results>
