<?xml version="1.0" encoding="UTF-8"?>
<testng-results ignored="0" total="1" passed="1" failed="0" skipped="0">
  <reporter-output>
  </reporter-output>
  <suite started-at="2025-05-22T23:01:31 PDT" name="Default suite" finished-at="2025-05-22T23:01:36 PDT" duration-ms="5365">
    <groups>
    </groups>
    <test started-at="2025-05-22T23:01:31 PDT" name="Default test" finished-at="2025-05-22T23:01:36 PDT" duration-ms="5365">
      <class name="test.MyTest">
        <test-method signature="test()[pri:0, instance:test.MyTest@61862a7f]" started-at="2025-05-22T23:01:31 PDT" name="test" finished-at="2025-05-22T23:01:36 PDT" duration-ms="5309" status="PASS">
          <reporter-output>
          </reporter-output>
        </test-method> <!-- test -->
      </class> <!-- test.MyTest -->
    </test> <!-- Default test -->
  </suite> <!-- Default suite -->
</testng-results>
